Determining if the pthread_create exist failed with the following output:
Change Dir: /home/gotesu/CLionProjects/ex5/cmake-build-debug/CMakeFiles/CMakeTmp

Run Build Command:"/usr/bin/make" "cmTC_da4b3/fast"
/usr/bin/make -f CMakeFiles/cmTC_da4b3.dir/build.make CMakeFiles/cmTC_da4b3.dir/build
make[1]: Entering directory '/home/gotesu/CLionProjects/ex5/cmake-build-debug/CMakeFiles/CMakeTmp'
Building C object CMakeFiles/cmTC_da4b3.dir/CheckSymbolExists.c.o
/usr/bin/cc    -o CMakeFiles/cmTC_da4b3.dir/CheckSymbolExists.c.o   -c /home/gotesu/CLionProjects/ex5/cmake-build-debug/CMakeFiles/CMakeTmp/CheckSymbolExists.c
Linking C executable cmTC_da4b3
/home/gotesu/Desktop/AP/clion-2017.2.3/bin/cmake/bin/cmake -E cmake_link_script CMakeFiles/cmTC_da4b3.dir/link.txt --verbose=1
/usr/bin/cc      -rdynamic CMakeFiles/cmTC_da4b3.dir/CheckSymbolExists.c.o  -o cmTC_da4b3 
CMakeFiles/cmTC_da4b3.dir/CheckSymbolExists.c.o: In function `main':
CheckSymbolExists.c:(.text+0x16): undefined reference to `pthread_create'
collect2: error: ld returned 1 exit status
CMakeFiles/cmTC_da4b3.dir/build.make:97: recipe for target 'cmTC_da4b3' failed
make[1]: *** [cmTC_da4b3] Error 1
make[1]: Leaving directory '/home/gotesu/CLionProjects/ex5/cmake-build-debug/CMakeFiles/CMakeTmp'
Makefile:126: recipe for target 'cmTC_da4b3/fast' failed
make: *** [cmTC_da4b3/fast] Error 2

File /home/gotesu/CLionProjects/ex5/cmake-build-debug/CMakeFiles/CMakeTmp/CheckSymbolExists.c:
/* */
#include <pthread.h>

int main(int argc, char** argv)
{
  (void)argv;
#ifndef pthread_create
  return ((int*)(&pthread_create))[argc];
#else
  (void)argc;
  return 0;
#endif
}

Determining if the function pthread_create exists in the pthreads failed with the following output:
Change Dir: /home/gotesu/CLionProjects/ex5/cmake-build-debug/CMakeFiles/CMakeTmp

Run Build Command:"/usr/bin/make" "cmTC_524de/fast"
/usr/bin/make -f CMakeFiles/cmTC_524de.dir/build.make CMakeFiles/cmTC_524de.dir/build
make[1]: Entering directory '/home/gotesu/CLionProjects/ex5/cmake-build-debug/CMakeFiles/CMakeTmp'
Building C object CMakeFiles/cmTC_524de.dir/CheckFunctionExists.c.o
/usr/bin/cc   -DCHECK_FUNCTION_EXISTS=pthread_create   -o CMakeFiles/cmTC_524de.dir/CheckFunctionExists.c.o   -c /home/gotesu/Desktop/AP/clion-2017.2.3/bin/cmake/share/cmake-3.9/Modules/CheckFunctionExists.c
Linking C executable cmTC_524de
/home/gotesu/Desktop/AP/clion-2017.2.3/bin/cmake/bin/cmake -E cmake_link_script CMakeFiles/cmTC_524de.dir/link.txt --verbose=1
/usr/bin/cc  -DCHECK_FUNCTION_EXISTS=pthread_create    -rdynamic CMakeFiles/cmTC_524de.dir/CheckFunctionExists.c.o  -o cmTC_524de -lpthreads 
/usr/bin/ld: cannot find -lpthreads
collect2: error: ld returned 1 exit status
CMakeFiles/cmTC_524de.dir/build.make:97: recipe for target 'cmTC_524de' failed
make[1]: *** [cmTC_524de] Error 1
make[1]: Leaving directory '/home/gotesu/CLionProjects/ex5/cmake-build-debug/CMakeFiles/CMakeTmp'
Makefile:126: recipe for target 'cmTC_524de/fast' failed
make: *** [cmTC_524de/fast] Error 2


